xcrun: error: invalid active developer path (/Library/Developer/CommandLineTools), missing xcrun at: /Library/Developer/CommandLineTools/usr/bin/xcrun
xcrun: error: invalid active developer path (/Library/Developer/CommandLineTools), missing xcrun at: /Library/Developer/CommandLineTools/usr/bin/xcrun
  End-of-central-directory signature not found.  Either this file is not
  a zipfile, or it constitutes one disk of a multi-part archive.  In the
  latter case the central directory and zipfile comment will be found on
  the last disk(s) of this archive.
unzip:  cannot find zipfile directory in one of /Users/elliedobson/Documents/Work/Projects/MATLABonCF/matlabapp/matlab-buildpack/spec/fixtures/additional_libs/test-jar-1.jar or
        /Users/elliedobson/Documents/Work/Projects/MATLABonCF/matlabapp/matlab-buildpack/spec/fixtures/additional_libs/test-jar-1.jar.zip, and cannot find /Users/elliedobson/Documents/Work/Projects/MATLABonCF/matlabapp/matlab-buildpack/spec/fixtures/additional_libs/test-jar-1.jar.ZIP, period.
  End-of-central-directory signature not found.  Either this file is not
  a zipfile, or it constitutes one disk of a multi-part archive.  In the
  latter case the central directory and zipfile comment will be found on
  the last disk(s) of this archive.
unzip:  cannot find zipfile directory in one of /Users/elliedobson/Documents/Work/Projects/MATLABonCF/matlabapp/matlab-buildpack/spec/fixtures/additional_libs/test-jar-2.jar or
        /Users/elliedobson/Documents/Work/Projects/MATLABonCF/matlabapp/matlab-buildpack/spec/fixtures/additional_libs/test-jar-2.jar.zip, and cannot find /Users/elliedobson/Documents/Work/Projects/MATLABonCF/matlabapp/matlab-buildpack/spec/fixtures/additional_libs/test-jar-2.jar.ZIP, period.
  End-of-central-directory signature not found.  Either this file is not
  a zipfile, or it constitutes one disk of a multi-part archive.  In the
  latter case the central directory and zipfile comment will be found on
  the last disk(s) of this archive.
unzip:  cannot find zipfile directory in one of /Users/elliedobson/Documents/Work/Projects/MATLABonCF/matlabapp/matlab-buildpack/spec/fixtures/container_dist_zip/lib/dist-zip.jar or
        /Users/elliedobson/Documents/Work/Projects/MATLABonCF/matlabapp/matlab-buildpack/spec/fixtures/container_dist_zip/lib/dist-zip.jar.zip, and cannot find /Users/elliedobson/Documents/Work/Projects/MATLABonCF/matlabapp/matlab-buildpack/spec/fixtures/container_dist_zip/lib/dist-zip.jar.ZIP, period.
  End-of-central-directory signature not found.  Either this file is not
  a zipfile, or it constitutes one disk of a multi-part archive.  In the
  latter case the central directory and zipfile comment will be found on
  the last disk(s) of this archive.
unzip:  cannot find zipfile directory in one of /Users/elliedobson/Documents/Work/Projects/MATLABonCF/matlabapp/matlab-buildpack/spec/fixtures/container_dist_zip_app_classpath/application-root/lib/dist-zip.jar or
        /Users/elliedobson/Documents/Work/Projects/MATLABonCF/matlabapp/matlab-buildpack/spec/fixtures/container_dist_zip_app_classpath/application-root/lib/dist-zip.jar.zip, and cannot find /Users/elliedobson/Documents/Work/Projects/MATLABonCF/matlabapp/matlab-buildpack/spec/fixtures/container_dist_zip_app_classpath/application-root/lib/dist-zip.jar.ZIP, period.
  End-of-central-directory signature not found.  Either this file is not
  a zipfile, or it constitutes one disk of a multi-part archive.  In the
  latter case the central directory and zipfile comment will be found on
  the last disk(s) of this archive.
unzip:  cannot find zipfile directory in one of /Users/elliedobson/Documents/Work/Projects/MATLABonCF/matlabapp/matlab-buildpack/spec/fixtures/container_groovy_ratpack/application-root/lib/ratpack-core-0.9.0.jar or
        /Users/elliedobson/Documents/Work/Projects/MATLABonCF/matlabapp/matlab-buildpack/spec/fixtures/container_groovy_ratpack/application-root/lib/ratpack-core-0.9.0.jar.zip, and cannot find /Users/elliedobson/Documents/Work/Projects/MATLABonCF/matlabapp/matlab-buildpack/spec/fixtures/container_groovy_ratpack/application-root/lib/ratpack-core-0.9.0.jar.ZIP, period.
  End-of-central-directory signature not found.  Either this file is not
  a zipfile, or it constitutes one disk of a multi-part archive.  In the
  latter case the central directory and zipfile comment will be found on
  the last disk(s) of this archive.
unzip:  cannot find zipfile directory in one of /Users/elliedobson/Documents/Work/Projects/MATLABonCF/matlabapp/matlab-buildpack/spec/fixtures/container_groovy_with_jars/Alpha.jar or
        /Users/elliedobson/Documents/Work/Projects/MATLABonCF/matlabapp/matlab-buildpack/spec/fixtures/container_groovy_with_jars/Alpha.jar.zip, and cannot find /Users/elliedobson/Documents/Work/Projects/MATLABonCF/matlabapp/matlab-buildpack/spec/fixtures/container_groovy_with_jars/Alpha.jar.ZIP, period.
  End-of-central-directory signature not found.  Either this file is not
  a zipfile, or it constitutes one disk of a multi-part archive.  In the
  latter case the central directory and zipfile comment will be found on
  the last disk(s) of this archive.
unzip:  cannot find zipfile directory in one of /Users/elliedobson/Documents/Work/Projects/MATLABonCF/matlabapp/matlab-buildpack/spec/fixtures/container_groovy_with_jars/directory/Beta.jar or
        /Users/elliedobson/Documents/Work/Projects/MATLABonCF/matlabapp/matlab-buildpack/spec/fixtures/container_groovy_with_jars/directory/Beta.jar.zip, and cannot find /Users/elliedobson/Documents/Work/Projects/MATLABonCF/matlabapp/matlab-buildpack/spec/fixtures/container_groovy_with_jars/directory/Beta.jar.ZIP, period.
  End-of-central-directory signature not found.  Either this file is not
  a zipfile, or it constitutes one disk of a multi-part archive.  In the
  latter case the central directory and zipfile comment will be found on
  the last disk(s) of this archive.
unzip:  cannot find zipfile directory in one of /Users/elliedobson/Documents/Work/Projects/MATLABonCF/matlabapp/matlab-buildpack/spec/fixtures/container_play_2.0_dist/application-root/lib/play.play_2.9.1-2.0.jar or
        /Users/elliedobson/Documents/Work/Projects/MATLABonCF/matlabapp/matlab-buildpack/spec/fixtures/container_play_2.0_dist/application-root/lib/play.play_2.9.1-2.0.jar.zip, and cannot find /Users/elliedobson/Documents/Work/Projects/MATLABonCF/matlabapp/matlab-buildpack/spec/fixtures/container_play_2.0_dist/application-root/lib/play.play_2.9.1-2.0.jar.ZIP, period.
  End-of-central-directory signature not found.  Either this file is not
  a zipfile, or it constitutes one disk of a multi-part archive.  In the
  latter case the central directory and zipfile comment will be found on
  the last disk(s) of this archive.
unzip:  cannot find zipfile directory in one of /Users/elliedobson/Documents/Work/Projects/MATLABonCF/matlabapp/matlab-buildpack/spec/fixtures/container_play_2.0_dist/application-root/lib/some.test.jar or
        /Users/elliedobson/Documents/Work/Projects/MATLABonCF/matlabapp/matlab-buildpack/spec/fixtures/container_play_2.0_dist/application-root/lib/some.test.jar.zip, and cannot find /Users/elliedobson/Documents/Work/Projects/MATLABonCF/matlabapp/matlab-buildpack/spec/fixtures/container_play_2.0_dist/application-root/lib/some.test.jar.ZIP, period.
  End-of-central-directory signature not found.  Either this file is not
  a zipfile, or it constitutes one disk of a multi-part archive.  In the
  latter case the central directory and zipfile comment will be found on
  the last disk(s) of this archive.
unzip:  cannot find zipfile directory in one of /Users/elliedobson/Documents/Work/Projects/MATLABonCF/matlabapp/matlab-buildpack/spec/fixtures/container_play_2.1_2.2_hybrid/lib/com.typesafe.play.play_2.10-2.2.0.jar or
        /Users/elliedobson/Documents/Work/Projects/MATLABonCF/matlabapp/matlab-buildpack/spec/fixtures/container_play_2.1_2.2_hybrid/lib/com.typesafe.play.play_2.10-2.2.0.jar.zip, and cannot find /Users/elliedobson/Documents/Work/Projects/MATLABonCF/matlabapp/matlab-buildpack/spec/fixtures/container_play_2.1_2.2_hybrid/lib/com.typesafe.play.play_2.10-2.2.0.jar.ZIP, period.
  End-of-central-directory signature not found.  Either this file is not
  a zipfile, or it constitutes one disk of a multi-part archive.  In the
  latter case the central directory and zipfile comment will be found on
  the last disk(s) of this archive.
unzip:  cannot find zipfile directory in one of /Users/elliedobson/Documents/Work/Projects/MATLABonCF/matlabapp/matlab-buildpack/spec/fixtures/container_play_2.1_2.2_hybrid/lib/some.test.jar or
        /Users/elliedobson/Documents/Work/Projects/MATLABonCF/matlabapp/matlab-buildpack/spec/fixtures/container_play_2.1_2.2_hybrid/lib/some.test.jar.zip, and cannot find /Users/elliedobson/Documents/Work/Projects/MATLABonCF/matlabapp/matlab-buildpack/spec/fixtures/container_play_2.1_2.2_hybrid/lib/some.test.jar.ZIP, period.
  End-of-central-directory signature not found.  Either this file is not
  a zipfile, or it constitutes one disk of a multi-part archive.  In the
  latter case the central directory and zipfile comment will be found on
  the last disk(s) of this archive.
unzip:  cannot find zipfile directory in one of /Users/elliedobson/Documents/Work/Projects/MATLABonCF/matlabapp/matlab-buildpack/spec/fixtures/container_play_2.1_2.2_hybrid/staged/play_2.10-2.1.4.jar or
        /Users/elliedobson/Documents/Work/Projects/MATLABonCF/matlabapp/matlab-buildpack/spec/fixtures/container_play_2.1_2.2_hybrid/staged/play_2.10-2.1.4.jar.zip, and cannot find /Users/elliedobson/Documents/Work/Projects/MATLABonCF/matlabapp/matlab-buildpack/spec/fixtures/container_play_2.1_2.2_hybrid/staged/play_2.10-2.1.4.jar.ZIP, period.
  End-of-central-directory signature not found.  Either this file is not
  a zipfile, or it constitutes one disk of a multi-part archive.  In the
  latter case the central directory and zipfile comment will be found on
  the last disk(s) of this archive.
unzip:  cannot find zipfile directory in one of /Users/elliedobson/Documents/Work/Projects/MATLABonCF/matlabapp/matlab-buildpack/spec/fixtures/container_play_2.1_2.2_hybrid/staged/some.test.jar or
        /Users/elliedobson/Documents/Work/Projects/MATLABonCF/matlabapp/matlab-buildpack/spec/fixtures/container_play_2.1_2.2_hybrid/staged/some.test.jar.zip, and cannot find /Users/elliedobson/Documents/Work/Projects/MATLABonCF/matlabapp/matlab-buildpack/spec/fixtures/container_play_2.1_2.2_hybrid/staged/some.test.jar.ZIP, period.
  End-of-central-directory signature not found.  Either this file is not
  a zipfile, or it constitutes one disk of a multi-part archive.  In the
  latter case the central directory and zipfile comment will be found on
  the last disk(s) of this archive.
unzip:  cannot find zipfile directory in one of /Users/elliedobson/Documents/Work/Projects/MATLABonCF/matlabapp/matlab-buildpack/spec/fixtures/container_play_2.1_dist/application-root/lib/play.play_2.10-2.1.4.jar or
        /Users/elliedobson/Documents/Work/Projects/MATLABonCF/matlabapp/matlab-buildpack/spec/fixtures/container_play_2.1_dist/application-root/lib/play.play_2.10-2.1.4.jar.zip, and cannot find /Users/elliedobson/Documents/Work/Projects/MATLABonCF/matlabapp/matlab-buildpack/spec/fixtures/container_play_2.1_dist/application-root/lib/play.play_2.10-2.1.4.jar.ZIP, period.
  End-of-central-directory signature not found.  Either this file is not
  a zipfile, or it constitutes one disk of a multi-part archive.  In the
  latter case the central directory and zipfile comment will be found on
  the last disk(s) of this archive.
unzip:  cannot find zipfile directory in one of /Users/elliedobson/Documents/Work/Projects/MATLABonCF/matlabapp/matlab-buildpack/spec/fixtures/container_play_2.1_dist/application-root/lib/some.test.jar or
        /Users/elliedobson/Documents/Work/Projects/MATLABonCF/matlabapp/matlab-buildpack/spec/fixtures/container_play_2.1_dist/application-root/lib/some.test.jar.zip, and cannot find /Users/elliedobson/Documents/Work/Projects/MATLABonCF/matlabapp/matlab-buildpack/spec/fixtures/container_play_2.1_dist/application-root/lib/some.test.jar.ZIP, period.
  End-of-central-directory signature not found.  Either this file is not
  a zipfile, or it constitutes one disk of a multi-part archive.  In the
  latter case the central directory and zipfile comment will be found on
  the last disk(s) of this archive.
unzip:  cannot find zipfile directory in one of /Users/elliedobson/Documents/Work/Projects/MATLABonCF/matlabapp/matlab-buildpack/spec/fixtures/container_play_2.1_staged/staged/play_2.10-2.1.4.jar or
        /Users/elliedobson/Documents/Work/Projects/MATLABonCF/matlabapp/matlab-buildpack/spec/fixtures/container_play_2.1_staged/staged/play_2.10-2.1.4.jar.zip, and cannot find /Users/elliedobson/Documents/Work/Projects/MATLABonCF/matlabapp/matlab-buildpack/spec/fixtures/container_play_2.1_staged/staged/play_2.10-2.1.4.jar.ZIP, period.
  End-of-central-directory signature not found.  Either this file is not
  a zipfile, or it constitutes one disk of a multi-part archive.  In the
  latter case the central directory and zipfile comment will be found on
  the last disk(s) of this archive.
unzip:  cannot find zipfile directory in one of /Users/elliedobson/Documents/Work/Projects/MATLABonCF/matlabapp/matlab-buildpack/spec/fixtures/container_play_2.1_staged/staged/some.test.jar or
        /Users/elliedobson/Documents/Work/Projects/MATLABonCF/matlabapp/matlab-buildpack/spec/fixtures/container_play_2.1_staged/staged/some.test.jar.zip, and cannot find /Users/elliedobson/Documents/Work/Projects/MATLABonCF/matlabapp/matlab-buildpack/spec/fixtures/container_play_2.1_staged/staged/some.test.jar.ZIP, period.
  End-of-central-directory signature not found.  Either this file is not
  a zipfile, or it constitutes one disk of a multi-part archive.  In the
  latter case the central directory and zipfile comment will be found on
  the last disk(s) of this archive.
unzip:  cannot find zipfile directory in one of /Users/elliedobson/Documents/Work/Projects/MATLABonCF/matlabapp/matlab-buildpack/spec/fixtures/container_play_2.2_ambiguous_start_script/lib/com.typesafe.play.play_2.10-2.2.0.jar or
        /Users/elliedobson/Documents/Work/Projects/MATLABonCF/matlabapp/matlab-buildpack/spec/fixtures/container_play_2.2_ambiguous_start_script/lib/com.typesafe.play.play_2.10-2.2.0.jar.zip, and cannot find /Users/elliedobson/Documents/Work/Projects/MATLABonCF/matlabapp/matlab-buildpack/spec/fixtures/container_play_2.2_ambiguous_start_script/lib/com.typesafe.play.play_2.10-2.2.0.jar.ZIP, period.
  End-of-central-directory signature not found.  Either this file is not
  a zipfile, or it constitutes one disk of a multi-part archive.  In the
  latter case the central directory and zipfile comment will be found on
  the last disk(s) of this archive.
unzip:  cannot find zipfile directory in one of /Users/elliedobson/Documents/Work/Projects/MATLABonCF/matlabapp/matlab-buildpack/spec/fixtures/container_play_2.2_dist/application-root/lib/com.typesafe.play.play_2.10-2.2.0.jar or
        /Users/elliedobson/Documents/Work/Projects/MATLABonCF/matlabapp/matlab-buildpack/spec/fixtures/container_play_2.2_dist/application-root/lib/com.typesafe.play.play_2.10-2.2.0.jar.zip, and cannot find /Users/elliedobson/Documents/Work/Projects/MATLABonCF/matlabapp/matlab-buildpack/spec/fixtures/container_play_2.2_dist/application-root/lib/com.typesafe.play.play_2.10-2.2.0.jar.ZIP, period.
  End-of-central-directory signature not found.  Either this file is not
  a zipfile, or it constitutes one disk of a multi-part archive.  In the
  latter case the central directory and zipfile comment will be found on
  the last disk(s) of this archive.
unzip:  cannot find zipfile directory in one of /Users/elliedobson/Documents/Work/Projects/MATLABonCF/matlabapp/matlab-buildpack/spec/fixtures/container_play_2.2_dist/application-root/lib/some.test.jar or
        /Users/elliedobson/Documents/Work/Projects/MATLABonCF/matlabapp/matlab-buildpack/spec/fixtures/container_play_2.2_dist/application-root/lib/some.test.jar.zip, and cannot find /Users/elliedobson/Documents/Work/Projects/MATLABonCF/matlabapp/matlab-buildpack/spec/fixtures/container_play_2.2_dist/application-root/lib/some.test.jar.ZIP, period.
  End-of-central-directory signature not found.  Either this file is not
  a zipfile, or it constitutes one disk of a multi-part archive.  In the
  latter case the central directory and zipfile comment will be found on
  the last disk(s) of this archive.
unzip:  cannot find zipfile directory in one of /Users/elliedobson/Documents/Work/Projects/MATLABonCF/matlabapp/matlab-buildpack/spec/fixtures/container_play_2.2_minus_bat_file/lib/com.typesafe.play.play_2.10-2.2.0.jar or
        /Users/elliedobson/Documents/Work/Projects/MATLABonCF/matlabapp/matlab-buildpack/spec/fixtures/container_play_2.2_minus_bat_file/lib/com.typesafe.play.play_2.10-2.2.0.jar.zip, and cannot find /Users/elliedobson/Documents/Work/Projects/MATLABonCF/matlabapp/matlab-buildpack/spec/fixtures/container_play_2.2_minus_bat_file/lib/com.typesafe.play.play_2.10-2.2.0.jar.ZIP, period.
  End-of-central-directory signature not found.  Either this file is not
  a zipfile, or it constitutes one disk of a multi-part archive.  In the
  latter case the central directory and zipfile comment will be found on
  the last disk(s) of this archive.
unzip:  cannot find zipfile directory in one of /Users/elliedobson/Documents/Work/Projects/MATLABonCF/matlabapp/matlab-buildpack/spec/fixtures/container_play_2.2_staged/lib/com.typesafe.play.play_2.10-2.2.0.jar or
        /Users/elliedobson/Documents/Work/Projects/MATLABonCF/matlabapp/matlab-buildpack/spec/fixtures/container_play_2.2_staged/lib/com.typesafe.play.play_2.10-2.2.0.jar.zip, and cannot find /Users/elliedobson/Documents/Work/Projects/MATLABonCF/matlabapp/matlab-buildpack/spec/fixtures/container_play_2.2_staged/lib/com.typesafe.play.play_2.10-2.2.0.jar.ZIP, period.
  End-of-central-directory signature not found.  Either this file is not
  a zipfile, or it constitutes one disk of a multi-part archive.  In the
  latter case the central directory and zipfile comment will be found on
  the last disk(s) of this archive.
unzip:  cannot find zipfile directory in one of /Users/elliedobson/Documents/Work/Projects/MATLABonCF/matlabapp/matlab-buildpack/spec/fixtures/container_play_2.2_staged/lib/some.test.jar or
        /Users/elliedobson/Documents/Work/Projects/MATLABonCF/matlabapp/matlab-buildpack/spec/fixtures/container_play_2.2_staged/lib/some.test.jar.zip, and cannot find /Users/elliedobson/Documents/Work/Projects/MATLABonCF/matlabapp/matlab-buildpack/spec/fixtures/container_play_2.2_staged/lib/some.test.jar.ZIP, period.
  End-of-central-directory signature not found.  Either this file is not
  a zipfile, or it constitutes one disk of a multi-part archive.  In the
  latter case the central directory and zipfile comment will be found on
  the last disk(s) of this archive.
unzip:  cannot find zipfile directory in one of /Users/elliedobson/Documents/Work/Projects/MATLABonCF/matlabapp/matlab-buildpack/spec/fixtures/container_play_duplicate/application_root/lib/play.play_0.0-0.0.0.jar or
        /Users/elliedobson/Documents/Work/Projects/MATLABonCF/matlabapp/matlab-buildpack/spec/fixtures/container_play_duplicate/application_root/lib/play.play_0.0-0.0.0.jar.zip, and cannot find /Users/elliedobson/Documents/Work/Projects/MATLABonCF/matlabapp/matlab-buildpack/spec/fixtures/container_play_duplicate/application_root/lib/play.play_0.0-0.0.0.jar.ZIP, period.
  End-of-central-directory signature not found.  Either this file is not
  a zipfile, or it constitutes one disk of a multi-part archive.  In the
  latter case the central directory and zipfile comment will be found on
  the last disk(s) of this archive.
unzip:  cannot find zipfile directory in one of /Users/elliedobson/Documents/Work/Projects/MATLABonCF/matlabapp/matlab-buildpack/spec/fixtures/container_play_duplicate/lib/play.play_0.0-0.0.0.jar or
        /Users/elliedobson/Documents/Work/Projects/MATLABonCF/matlabapp/matlab-buildpack/spec/fixtures/container_play_duplicate/lib/play.play_0.0-0.0.0.jar.zip, and cannot find /Users/elliedobson/Documents/Work/Projects/MATLABonCF/matlabapp/matlab-buildpack/spec/fixtures/container_play_duplicate/lib/play.play_0.0-0.0.0.jar.ZIP, period.
  End-of-central-directory signature not found.  Either this file is not
  a zipfile, or it constitutes one disk of a multi-part archive.  In the
  latter case the central directory and zipfile comment will be found on
  the last disk(s) of this archive.
unzip:  cannot find zipfile directory in one of /Users/elliedobson/Documents/Work/Projects/MATLABonCF/matlabapp/matlab-buildpack/spec/fixtures/container_play_too_deep/x/application_root/lib/play.play_0.0-0.0.0.jar or
        /Users/elliedobson/Documents/Work/Projects/MATLABonCF/matlabapp/matlab-buildpack/spec/fixtures/container_play_too_deep/x/application_root/lib/play.play_0.0-0.0.0.jar.zip, and cannot find /Users/elliedobson/Documents/Work/Projects/MATLABonCF/matlabapp/matlab-buildpack/spec/fixtures/container_play_too_deep/x/application_root/lib/play.play_0.0-0.0.0.jar.ZIP, period.
  End-of-central-directory signature not found.  Either this file is not
  a zipfile, or it constitutes one disk of a multi-part archive.  In the
  latter case the central directory and zipfile comment will be found on
  the last disk(s) of this archive.
unzip:  cannot find zipfile directory in one of /Users/elliedobson/Documents/Work/Projects/MATLABonCF/matlabapp/matlab-buildpack/spec/fixtures/container_ratpack_dist/application-root/lib/ratpack-core-0.9.0.jar or
        /Users/elliedobson/Documents/Work/Projects/MATLABonCF/matlabapp/matlab-buildpack/spec/fixtures/container_ratpack_dist/application-root/lib/ratpack-core-0.9.0.jar.zip, and cannot find /Users/elliedobson/Documents/Work/Projects/MATLABonCF/matlabapp/matlab-buildpack/spec/fixtures/container_ratpack_dist/application-root/lib/ratpack-core-0.9.0.jar.ZIP, period.
  End-of-central-directory signature not found.  Either this file is not
  a zipfile, or it constitutes one disk of a multi-part archive.  In the
  latter case the central directory and zipfile comment will be found on
  the last disk(s) of this archive.
unzip:  cannot find zipfile directory in one of /Users/elliedobson/Documents/Work/Projects/MATLABonCF/matlabapp/matlab-buildpack/spec/fixtures/container_ratpack_staged/lib/ratpack-core-0.9.0.jar or
        /Users/elliedobson/Documents/Work/Projects/MATLABonCF/matlabapp/matlab-buildpack/spec/fixtures/container_ratpack_staged/lib/ratpack-core-0.9.0.jar.zip, and cannot find /Users/elliedobson/Documents/Work/Projects/MATLABonCF/matlabapp/matlab-buildpack/spec/fixtures/container_ratpack_staged/lib/ratpack-core-0.9.0.jar.ZIP, period.
  End-of-central-directory signature not found.  Either this file is not
  a zipfile, or it constitutes one disk of a multi-part archive.  In the
  latter case the central directory and zipfile comment will be found on
  the last disk(s) of this archive.
unzip:  cannot find zipfile directory in one of /Users/elliedobson/Documents/Work/Projects/MATLABonCF/matlabapp/matlab-buildpack/spec/fixtures/container_spring_boot_dist/application-root/lib/spring-boot-1.0.0.RELEASE.jar or
        /Users/elliedobson/Documents/Work/Projects/MATLABonCF/matlabapp/matlab-buildpack/spec/fixtures/container_spring_boot_dist/application-root/lib/spring-boot-1.0.0.RELEASE.jar.zip, and cannot find /Users/elliedobson/Documents/Work/Projects/MATLABonCF/matlabapp/matlab-buildpack/spec/fixtures/container_spring_boot_dist/application-root/lib/spring-boot-1.0.0.RELEASE.jar.ZIP, period.
  End-of-central-directory signature not found.  Either this file is not
  a zipfile, or it constitutes one disk of a multi-part archive.  In the
  latter case the central directory and zipfile comment will be found on
  the last disk(s) of this archive.
unzip:  cannot find zipfile directory in one of /Users/elliedobson/Documents/Work/Projects/MATLABonCF/matlabapp/matlab-buildpack/spec/fixtures/container_spring_boot_staged/lib/spring-boot-1.0.0.RELEASE.jar or
        /Users/elliedobson/Documents/Work/Projects/MATLABonCF/matlabapp/matlab-buildpack/spec/fixtures/container_spring_boot_staged/lib/spring-boot-1.0.0.RELEASE.jar.zip, and cannot find /Users/elliedobson/Documents/Work/Projects/MATLABonCF/matlabapp/matlab-buildpack/spec/fixtures/container_spring_boot_staged/lib/spring-boot-1.0.0.RELEASE.jar.ZIP, period.
  End-of-central-directory signature not found.  Either this file is not
  a zipfile, or it constitutes one disk of a multi-part archive.  In the
  latter case the central directory and zipfile comment will be found on
  the last disk(s) of this archive.
unzip:  cannot find zipfile directory in one of /Users/elliedobson/Documents/Work/Projects/MATLABonCF/matlabapp/matlab-buildpack/spec/fixtures/framework_auto_reconfiguration_long_spring_jar_name/WEB-INF/lib/org.springframework.spring-core-3.2.3.RELEASE.jar or
        /Users/elliedobson/Documents/Work/Projects/MATLABonCF/matlabapp/matlab-buildpack/spec/fixtures/framework_auto_reconfiguration_long_spring_jar_name/WEB-INF/lib/org.springframework.spring-core-3.2.3.RELEASE.jar.zip, and cannot find /Users/elliedobson/Documents/Work/Projects/MATLABonCF/matlabapp/matlab-buildpack/spec/fixtures/framework_auto_reconfiguration_long_spring_jar_name/WEB-INF/lib/org.springframework.spring-core-3.2.3.RELEASE.jar.ZIP, period.
  End-of-central-directory signature not found.  Either this file is not
  a zipfile, or it constitutes one disk of a multi-part archive.  In the
  latter case the central directory and zipfile comment will be found on
  the last disk(s) of this archive.
unzip:  cannot find zipfile directory in one of /Users/elliedobson/Documents/Work/Projects/MATLABonCF/matlabapp/matlab-buildpack/spec/fixtures/framework_auto_reconfiguration_servlet_2/WEB-INF/lib/spring-core-3.2.3.RELEASE.jar or
        /Users/elliedobson/Documents/Work/Projects/MATLABonCF/matlabapp/matlab-buildpack/spec/fixtures/framework_auto_reconfiguration_servlet_2/WEB-INF/lib/spring-core-3.2.3.RELEASE.jar.zip, and cannot find /Users/elliedobson/Documents/Work/Projects/MATLABonCF/matlabapp/matlab-buildpack/spec/fixtures/framework_auto_reconfiguration_servlet_2/WEB-INF/lib/spring-core-3.2.3.RELEASE.jar.ZIP, period.
  End-of-central-directory signature not found.  Either this file is not
  a zipfile, or it constitutes one disk of a multi-part archive.  In the
  latter case the central directory and zipfile comment will be found on
  the last disk(s) of this archive.
unzip:  cannot find zipfile directory in one of /Users/elliedobson/Documents/Work/Projects/MATLABonCF/matlabapp/matlab-buildpack/spec/fixtures/framework_auto_reconfiguration_servlet_3/WEB-INF/lib/spring-core-3.2.3.RELEASE.jar or
        /Users/elliedobson/Documents/Work/Projects/MATLABonCF/matlabapp/matlab-buildpack/spec/fixtures/framework_auto_reconfiguration_servlet_3/WEB-INF/lib/spring-core-3.2.3.RELEASE.jar.zip, and cannot find /Users/elliedobson/Documents/Work/Projects/MATLABonCF/matlabapp/matlab-buildpack/spec/fixtures/framework_auto_reconfiguration_servlet_3/WEB-INF/lib/spring-core-3.2.3.RELEASE.jar.ZIP, period.
[SpringBootCLI]                  WARN  Unable to read file /Users/elliedobson/Documents/Work/Projects/MATLABonCF/matlabapp/matlab-buildpack/spec/fixtures/container_groovy_main_method/invalid.groovy: invalid byte sequence in UTF-8
-----> Java Buildpack Version: 
[Buildpack]                      ERROR Compile failed with exception #<RuntimeError: No container can run this application. Please ensure that you’ve pushed a valid JVM artifact or artifacts using the -p command line argument or path manifest entry. Information about valid JVM artifacts can be found at https://github.com/cloudfoundry/java-buildpack#additional-documentation. >
No container can run this application. Please ensure that you’ve pushed a valid JVM artifact or artifacts using the -p command line argument or path manifest entry. Information about valid JVM artifacts can be found at https://github.com/cloudfoundry/java-buildpack#additional-documentation. 
